<?xml version="1.0" encoding="UTF-8"?>
<testng-results ignored="0" total="2" passed="1" failed="1" skipped="0">
  <reporter-output>
  </reporter-output>
  <suite started-at="2023-09-09T18:39:23 IST" name="Suite" finished-at="2023-09-09T18:39:43 IST" duration-ms="19439">
    <groups>
    </groups>
    <test started-at="2023-09-09T18:39:23 IST" name="Test" finished-at="2023-09-09T18:39:43 IST" duration-ms="19439">
      <class name="com.qa.TestClass.Test1">
        <test-method is-config="true" signature="initializeBrowser()[pri:0, instance:com.qa.TestClass.Test1@31bcf236]" started-at="2023-09-09T18:39:23 IST" name="initializeBrowser" finished-at="2023-09-09T18:39:31 IST" duration-ms="7272" status="PASS">
          <reporter-output>
          </reporter-output>
        </test-method> <!-- initializeBrowser -->
        <test-method is-config="true" signature="openBrowser()[pri:0, instance:com.qa.TestClass.Test1@31bcf236]" started-at="2023-09-09T18:39:31 IST" name="openBrowser" finished-at="2023-09-09T18:39:31 IST" duration-ms="42" status="PASS">
          <reporter-output>
          </reporter-output>
        </test-method> <!-- openBrowser -->
        <test-method is-config="true" signature="login()[pri:0, instance:com.qa.TestClass.Test1@31bcf236]" started-at="2023-09-09T18:39:31 IST" name="login" finished-at="2023-09-09T18:39:36 IST" duration-ms="5427" status="PASS">
          <reporter-output>
          </reporter-output>
        </test-method> <!-- login -->
        <test-method signature="validateEmailId()[pri:1, instance:com.qa.TestClass.Test1@31bcf236]" started-at="2023-09-09T18:39:36 IST" name="validateEmailId" finished-at="2023-09-09T18:39:37 IST" duration-ms="928" status="FAIL">
          <exception class="java.lang.AssertionError">
            <message>
              <![CDATA[expected [udaychavan12@gmail.] but found [udaychavan12@gmail.com]]]>
            </message>
            <full-stacktrace>
              <![CDATA[java.lang.AssertionError: expected [udaychavan12@gmail.] but found [udaychavan12@gmail.com]
at org.testng.Assert.fail(Assert.java:111)
at org.testng.Assert.failNotEquals(Assert.java:1578)
at org.testng.Assert.assertEqualsImpl(Assert.java:150)
at org.testng.Assert.assertEquals(Assert.java:132)
at org.testng.Assert.assertEquals(Assert.java:656)
at org.testng.Assert.assertEquals(Assert.java:666)
at com.qa.TestClass.Test1.validateEmailId(Test1.java:48)
at java.base/jdk.internal.reflect.NativeMethodAccessorImpl.invoke0(Native Method)
at java.base/jdk.internal.reflect.NativeMethodAccessorImpl.invoke(NativeMethodAccessorImpl.java:77)
at java.base/jdk.internal.reflect.DelegatingMethodAccessorImpl.invoke(DelegatingMethodAccessorImpl.java:43)
at java.base/java.lang.reflect.Method.invoke(Method.java:568)
at org.testng.internal.invokers.MethodInvocationHelper.invokeMethod(MethodInvocationHelper.java:139)
at org.testng.internal.invokers.TestInvoker.invokeMethod(TestInvoker.java:664)
at org.testng.internal.invokers.TestInvoker.invokeTestMethod(TestInvoker.java:227)
at org.testng.internal.invokers.MethodRunner.runInSequence(MethodRunner.java:50)
at org.testng.internal.invokers.TestInvoker$MethodInvocationAgent.invoke(TestInvoker.java:957)
at org.testng.internal.invokers.TestInvoker.invokeTestMethods(TestInvoker.java:200)
at org.testng.internal.invokers.TestMethodWorker.invokeTestMethods(TestMethodWorker.java:148)
at org.testng.internal.invokers.TestMethodWorker.run(TestMethodWorker.java:128)
at java.base/java.util.ArrayList.forEach(ArrayList.java:1511)
at org.testng.TestRunner.privateRun(TestRunner.java:848)
at org.testng.TestRunner.run(TestRunner.java:621)
at org.testng.SuiteRunner.runTest(SuiteRunner.java:443)
at org.testng.SuiteRunner.runSequentially(SuiteRunner.java:437)
at org.testng.SuiteRunner.privateRun(SuiteRunner.java:397)
at org.testng.SuiteRunner.run(SuiteRunner.java:336)
at org.testng.SuiteRunnerWorker.runSuite(SuiteRunnerWorker.java:52)
at org.testng.SuiteRunnerWorker.run(SuiteRunnerWorker.java:95)
at org.testng.TestNG.runSuitesSequentially(TestNG.java:1280)
at org.testng.TestNG.runSuitesLocally(TestNG.java:1200)
at org.testng.TestNG.runSuites(TestNG.java:1114)
at org.testng.TestNG.run(TestNG.java:1082)
at org.testng.remote.AbstractRemoteTestNG.run(AbstractRemoteTestNG.java:115)
at org.testng.remote.RemoteTestNG.initAndRun(RemoteTestNG.java:251)
at org.testng.remote.RemoteTestNG.main(RemoteTestNG.java:77)
]]>
            </full-stacktrace>
          </exception> <!-- java.lang.AssertionError -->
          <reporter-output>
          </reporter-output>
        </test-method> <!-- validateEmailId -->
        <test-method is-config="true" signature="captureScreenshot(org.testng.ITestResult)[pri:0, instance:com.qa.TestClass.Test1@31bcf236]" started-at="2023-09-09T18:39:38 IST" name="captureScreenshot" finished-at="2023-09-09T18:39:39 IST" duration-ms="1424" status="PASS">
          <params>
            <param index="0">
              <value>
                <![CDATA[[TestResult name=validateEmailId status=FAILURE method=Test1.validateEmailId()[pri:1, instance:com.qa.TestClass.Test1@31bcf236] output={null}]]]>
              </value>
            </param>
          </params>
          <reporter-output>
          </reporter-output>
        </test-method> <!-- captureScreenshot -->
        <test-method is-config="true" signature="login()[pri:0, instance:com.qa.TestClass.Test1@31bcf236]" started-at="2023-09-09T18:39:39 IST" name="login" finished-at="2023-09-09T18:39:41 IST" duration-ms="1753" status="PASS">
          <reporter-output>
          </reporter-output>
        </test-method> <!-- login -->
        <test-method signature="validateTitle()[pri:2, instance:com.qa.TestClass.Test1@31bcf236]" started-at="2023-09-09T18:39:41 IST" name="validateTitle" finished-at="2023-09-09T18:39:41 IST" duration-ms="63" status="PASS">
          <reporter-output>
          </reporter-output>
        </test-method> <!-- validateTitle -->
        <test-method is-config="true" signature="captureScreenshot(org.testng.ITestResult)[pri:0, instance:com.qa.TestClass.Test1@31bcf236]" started-at="2023-09-09T18:39:41 IST" name="captureScreenshot" finished-at="2023-09-09T18:39:43 IST" duration-ms="1818" status="PASS">
          <params>
            <param index="0">
              <value>
                <![CDATA[[TestResult name=validateTitle status=SUCCESS method=Test1.validateTitle()[pri:2, instance:com.qa.TestClass.Test1@31bcf236] output={null}]]]>
              </value>
            </param>
          </params>
          <reporter-output>
          </reporter-output>
        </test-method> <!-- captureScreenshot -->
        <test-method is-config="true" signature="closeBrowser()[pri:0, instance:com.qa.TestClass.Test1@31bcf236]" started-at="2023-09-09T18:39:43 IST" name="closeBrowser" finished-at="2023-09-09T18:39:43 IST" duration-ms="228" status="PASS">
          <reporter-output>
          </reporter-output>
        </test-method> <!-- closeBrowser -->
      </class> <!-- com.qa.TestClass.Test1 -->
    </test> <!-- Test -->
  </suite> <!-- Suite -->
</testng-results>
