<?xml version="1.0" encoding="UTF-8"?>
<!-- Generated by org.testng.reporters.JUnitReportReporter -->
<testsuite hostname="INLEN8520065964" failures="0" tests="8" name="TestNg.Day4" time="0.015" errors="1" timestamp="2023-09-02T13:06:59 IST" skipped="2">
  <testcase classname="TestNg.Day4" name="webLoginCarLoan" time="0.007"/>
  <testcase classname="TestNg.Day4" name="MobileSignout" time="0.002"/>
  <testcase classname="TestNg.Day4" name="MobilesignIn" time="0.003"/>
  <testcase classname="TestNg.Day4" name="carloan" time="0.001"/>
  <testcase classname="TestNg.Day4" name="APIRestLogin" time="0.000">
    <error message="
Parameter &#039;URL&#039; is required by @Test on method APIRestLogin but has not been marked @Optional or defined
in C:\Auto\Person-Y\NewDesignFramework\testngListner.xml" type="org.testng.TestNGException">
      <![CDATA[org.testng.TestNGException: 
Parameter 'URL' is required by @Test on method APIRestLogin but has not been marked @Optional or defined
in C:\Auto\Person-Y\NewDesignFramework\testngListner.xml
at org.testng.internal.Parameters.createParams(Parameters.java:267)
at org.testng.internal.Parameters.createParametersForMethod(Parameters.java:355)
at org.testng.internal.Parameters.createParameters(Parameters.java:684)
at org.testng.internal.Parameters.handleParameters(Parameters.java:879)
at org.testng.internal.Parameters.handleParameters(Parameters.java:728)
at org.testng.internal.invokers.ParameterHandler.handleParameters(ParameterHandler.java:72)
at org.testng.internal.invokers.ParameterHandler.createParameters(ParameterHandler.java:51)
at org.testng.internal.invokers.TestInvoker$MethodInvocationAgent.invoke(TestInvoker.java:911)
at org.testng.internal.invokers.TestInvoker.invokeTestMethods(TestInvoker.java:200)
at org.testng.internal.invokers.TestMethodWorker.invokeTestMethods(TestMethodWorker.java:148)
at org.testng.internal.invokers.TestMethodWorker.run(TestMethodWorker.java:128)
at java.base/java.util.ArrayList.forEach(ArrayList.java:1511)
at org.testng.TestRunner.privateRun(TestRunner.java:848)
at org.testng.TestRunner.run(TestRunner.java:621)
at org.testng.SuiteRunner.runTest(SuiteRunner.java:443)
at org.testng.SuiteRunner.runSequentially(SuiteRunner.java:437)
at org.testng.SuiteRunner.privateRun(SuiteRunner.java:397)
at org.testng.SuiteRunner.run(SuiteRunner.java:336)
at org.testng.SuiteRunnerWorker.runSuite(SuiteRunnerWorker.java:52)
at org.testng.SuiteRunnerWorker.run(SuiteRunnerWorker.java:95)
at org.testng.TestNG.runSuitesSequentially(TestNG.java:1280)
at org.testng.TestNG.runSuitesLocally(TestNG.java:1200)
at org.testng.TestNG.runSuites(TestNG.java:1114)
at org.testng.TestNG.run(TestNG.java:1082)
at org.testng.remote.AbstractRemoteTestNG.run(AbstractRemoteTestNG.java:115)
at org.testng.remote.RemoteTestNG.initAndRun(RemoteTestNG.java:251)
at org.testng.remote.RemoteTestNG.main(RemoteTestNG.java:77)
]]>
    </error>
  </testcase> <!-- APIRestLogin -->
  <testcase classname="TestNg.Day4" name="MobileLoginCarLoan" time="0.002"/>
  <testcase classname="TestNg.Day4" name="MobileLogin">
    <skipped/>
  </testcase> <!-- MobileLogin -->
  <testcase classname="TestNg.Day4" name="MobileLogout">
    <skipped/>
  </testcase> <!-- MobileLogout -->
</testsuite> <!-- TestNg.Day4 -->
